{
  "/home/dave/code/dms-workspace-issue-1399/scripts/seed-postgres.ts": {
    "path": "/home/dave/code/dms-workspace-issue-1399/scripts/seed-postgres.ts",
    "statementMap": {
      "0": {
        "start": { "line": 20, "column": 4 },
        "end": { "line": 20, "column": null }
      },
      "1": {
        "start": { "line": 21, "column": 4 },
        "end": { "line": 21, "column": null }
      },
      "2": {
        "start": { "line": 25, "column": 4 },
        "end": { "line": 45, "column": null }
      },
      "3": {
        "start": { "line": 26, "column": 6 },
        "end": { "line": 28, "column": null }
      },
      "4": {
        "start": { "line": 30, "column": 6 },
        "end": { "line": 30, "column": null }
      },
      "5": {
        "start": { "line": 31, "column": 6 },
        "end": { "line": 31, "column": null }
      },
      "6": {
        "start": { "line": 32, "column": 6 },
        "end": { "line": 32, "column": null }
      },
      "7": {
        "start": { "line": 33, "column": 6 },
        "end": { "line": 33, "column": null }
      },
      "8": {
        "start": { "line": 35, "column": 6 },
        "end": { "line": 37, "column": null }
      },
      "9": {
        "start": { "line": 36, "column": 8 },
        "end": { "line": 36, "column": null }
      },
      "10": {
        "start": { "line": 39, "column": 6 },
        "end": { "line": 39, "column": null }
      },
      "11": {
        "start": { "line": 41, "column": 6 },
        "end": { "line": 41, "column": null }
      },
      "12": {
        "start": { "line": 42, "column": 6 },
        "end": { "line": 42, "column": null }
      },
      "13": {
        "start": { "line": 44, "column": 6 },
        "end": { "line": 44, "column": null }
      },
      "14": {
        "start": { "line": 49, "column": 4 },
        "end": { "line": 49, "column": null }
      },
      "15": {
        "start": { "line": 51, "column": 28 },
        "end": { "line": 55, "column": null }
      },
      "16": {
        "start": { "line": 57, "column": 4 },
        "end": { "line": 63, "column": null }
      },
      "17": {
        "start": { "line": 58, "column": 6 },
        "end": { "line": 62, "column": null }
      },
      "18": {
        "start": { "line": 65, "column": 4 },
        "end": { "line": 65, "column": null }
      },
      "19": {
        "start": { "line": 69, "column": 4 },
        "end": { "line": 69, "column": null }
      },
      "20": {
        "start": { "line": 71, "column": 21 },
        "end": { "line": 75, "column": null }
      },
      "21": {
        "start": { "line": 77, "column": 4 },
        "end": { "line": 83, "column": null }
      },
      "22": {
        "start": { "line": 78, "column": 6 },
        "end": { "line": 82, "column": null }
      },
      "23": {
        "start": { "line": 85, "column": 4 },
        "end": { "line": 85, "column": null }
      },
      "24": {
        "start": { "line": 89, "column": 4 },
        "end": { "line": 89, "column": null }
      },
      "25": {
        "start": { "line": 91, "column": 23 },
        "end": { "line": 96, "column": null }
      },
      "26": {
        "start": { "line": 98, "column": 4 },
        "end": { "line": 104, "column": null }
      },
      "27": {
        "start": { "line": 99, "column": 6 },
        "end": { "line": 103, "column": null }
      },
      "28": {
        "start": { "line": 106, "column": 4 },
        "end": { "line": 106, "column": null }
      },
      "29": {
        "start": { "line": 110, "column": 4 },
        "end": { "line": 110, "column": null }
      },
      "30": {
        "start": { "line": 112, "column": 24 },
        "end": { "line": 112, "column": null }
      },
      "31": {
        "start": { "line": 113, "column": 21 },
        "end": { "line": 127, "column": null }
      },
      "32": {
        "start": { "line": 129, "column": 4 },
        "end": { "line": 135, "column": null }
      },
      "33": {
        "start": { "line": 130, "column": 6 },
        "end": { "line": 134, "column": null }
      },
      "34": {
        "start": { "line": 137, "column": 4 },
        "end": { "line": 137, "column": null }
      },
      "35": {
        "start": { "line": 141, "column": 4 },
        "end": { "line": 141, "column": null }
      },
      "36": {
        "start": { "line": 144, "column": 21 },
        "end": { "line": 144, "column": null }
      },
      "37": {
        "start": { "line": 145, "column": 23 },
        "end": { "line": 145, "column": null }
      },
      "38": {
        "start": { "line": 146, "column": 28 },
        "end": { "line": 146, "column": null }
      },
      "39": {
        "start": { "line": 148, "column": 4 },
        "end": { "line": 153, "column": null }
      },
      "40": {
        "start": { "line": 149, "column": 6 },
        "end": { "line": 151, "column": null }
      },
      "41": {
        "start": { "line": 152, "column": 6 },
        "end": { "line": 152, "column": null }
      },
      "42": {
        "start": { "line": 155, "column": 28 },
        "end": { "line": 155, "column": null }
      },
      "43": {
        "start": { "line": 156, "column": 23 },
        "end": { "line": 156, "column": null }
      },
      "44": {
        "start": { "line": 157, "column": 4 },
        "end": { "line": 157, "column": null }
      },
      "45": {
        "start": { "line": 158, "column": 26 },
        "end": { "line": 158, "column": null }
      },
      "46": {
        "start": { "line": 160, "column": 4 },
        "end": { "line": 162, "column": null }
      },
      "47": {
        "start": { "line": 168, "column": 25 },
        "end": { "line": 197, "column": null }
      },
      "48": {
        "start": { "line": 199, "column": 46 },
        "end": { "line": 199, "column": null }
      },
      "49": {
        "start": { "line": 200, "column": 4 },
        "end": { "line": 207, "column": null }
      },
      "50": {
        "start": { "line": 201, "column": 22 },
        "end": { "line": 205, "column": null }
      },
      "51": {
        "start": { "line": 206, "column": 6 },
        "end": { "line": 206, "column": null }
      },
      "52": {
        "start": { "line": 209, "column": 4 },
        "end": { "line": 209, "column": null }
      },
      "53": {
        "start": { "line": 216, "column": 25 },
        "end": { "line": 244, "column": null }
      },
      "54": {
        "start": { "line": 246, "column": 4 },
        "end": { "line": 248, "column": null }
      },
      "55": {
        "start": { "line": 247, "column": 6 },
        "end": { "line": 247, "column": null }
      },
      "56": {
        "start": { "line": 250, "column": 4 },
        "end": { "line": 250, "column": null }
      },
      "57": {
        "start": { "line": 258, "column": 4 },
        "end": { "line": 260, "column": null }
      },
      "58": {
        "start": { "line": 259, "column": 6 },
        "end": { "line": 259, "column": null }
      },
      "59": {
        "start": { "line": 262, "column": 29 },
        "end": { "line": 284, "column": null }
      },
      "60": {
        "start": { "line": 286, "column": 4 },
        "end": { "line": 288, "column": null }
      },
      "61": {
        "start": { "line": 287, "column": 6 },
        "end": { "line": 287, "column": null }
      },
      "62": {
        "start": { "line": 290, "column": 4 },
        "end": { "line": 290, "column": null }
      },
      "63": {
        "start": { "line": 296, "column": 25 },
        "end": { "line": 311, "column": null }
      },
      "64": {
        "start": { "line": 313, "column": 4 },
        "end": { "line": 319, "column": null }
      },
      "65": {
        "start": { "line": 314, "column": 6 },
        "end": { "line": 318, "column": null }
      },
      "66": {
        "start": { "line": 321, "column": 4 },
        "end": { "line": 321, "column": null }
      },
      "67": {
        "start": { "line": 326, "column": 29 },
        "end": { "line": 329, "column": null }
      },
      "68": {
        "start": { "line": 331, "column": 2 },
        "end": { "line": 331, "column": null }
      },
      "69": {
        "start": { "line": 332, "column": 2 },
        "end": { "line": 332, "column": null }
      },
      "70": {
        "start": { "line": 333, "column": 2 },
        "end": { "line": 333, "column": null }
      },
      "71": {
        "start": { "line": 334, "column": 2 },
        "end": { "line": 334, "column": null }
      },
      "72": {
        "start": { "line": 336, "column": 17 },
        "end": { "line": 336, "column": null }
      },
      "73": {
        "start": { "line": 338, "column": 2 },
        "end": { "line": 344, "column": null }
      },
      "74": {
        "start": { "line": 339, "column": 4 },
        "end": { "line": 339, "column": null }
      },
      "75": {
        "start": { "line": 340, "column": 4 },
        "end": { "line": 340, "column": null }
      },
      "76": {
        "start": { "line": 342, "column": 4 },
        "end": { "line": 342, "column": null }
      },
      "77": {
        "start": { "line": 343, "column": 4 },
        "end": { "line": 343, "column": null }
      },
      "78": {
        "start": { "line": 348, "column": 0 },
        "end": { "line": 350, "column": null }
      },
      "79": {
        "start": { "line": 349, "column": 2 },
        "end": { "line": 349, "column": null }
      }
    },
    "fnMap": {
      "0": {
        "name": "constructor",
        "decl": {
          "start": { "line": 19, "column": 2 },
          "end": { "line": 19, "column": 14 }
        },
        "loc": {
          "start": { "line": 19, "column": 34 },
          "end": { "line": 22, "column": null }
        },
        "line": 19
      },
      "1": {
        "name": "seed",
        "decl": {
          "start": { "line": 24, "column": 8 },
          "end": { "line": 24, "column": 30 }
        },
        "loc": {
          "start": { "line": 24, "column": 30 },
          "end": { "line": 46, "column": null }
        },
        "line": 24
      },
      "2": {
        "name": "seedDivDepositTypes",
        "decl": {
          "start": { "line": 48, "column": 8 },
          "end": { "line": 48, "column": 45 }
        },
        "loc": {
          "start": { "line": 48, "column": 45 },
          "end": { "line": 66, "column": null }
        },
        "line": 48
      },
      "3": {
        "name": "seedAccounts",
        "decl": {
          "start": { "line": 68, "column": 16 },
          "end": { "line": 68, "column": 46 }
        },
        "loc": {
          "start": { "line": 68, "column": 46 },
          "end": { "line": 86, "column": null }
        },
        "line": 68
      },
      "4": {
        "name": "seedRiskGroups",
        "decl": {
          "start": { "line": 88, "column": 16 },
          "end": { "line": 88, "column": 48 }
        },
        "loc": {
          "start": { "line": 88, "column": 48 },
          "end": { "line": 107, "column": null }
        },
        "line": 88
      },
      "5": {
        "name": "seedHolidays",
        "decl": {
          "start": { "line": 109, "column": 16 },
          "end": { "line": 109, "column": 46 }
        },
        "loc": {
          "start": { "line": 109, "column": 46 },
          "end": { "line": 138, "column": null }
        },
        "line": 109
      },
      "6": {
        "name": "seedDevelopmentData",
        "decl": {
          "start": { "line": 140, "column": 16 },
          "end": { "line": 140, "column": 53 }
        },
        "loc": {
          "start": { "line": 140, "column": 53 },
          "end": { "line": 163, "column": null }
        },
        "line": 140
      },
      "7": {
        "name": "seedUniverseData",
        "decl": {
          "start": { "line": 165, "column": 16 },
          "end": { "line": 165, "column": null }
        },
        "loc": {
          "start": { "line": 167, "column": 31 },
          "end": { "line": 210, "column": null }
        },
        "line": 167
      },
      "8": {
        "name": "seedSampleTrades",
        "decl": {
          "start": { "line": 212, "column": 16 },
          "end": { "line": 212, "column": null }
        },
        "loc": {
          "start": { "line": 215, "column": 21 },
          "end": { "line": 251, "column": null }
        },
        "line": 215
      },
      "9": {
        "name": "seedDividendDeposits",
        "decl": {
          "start": { "line": 253, "column": 16 },
          "end": { "line": 253, "column": null }
        },
        "loc": {
          "start": { "line": 257, "column": 19 },
          "end": { "line": 291, "column": null }
        },
        "line": 257
      },
      "10": {
        "name": "seedScreenerData",
        "decl": {
          "start": { "line": 293, "column": 16 },
          "end": { "line": 293, "column": null }
        },
        "loc": {
          "start": { "line": 295, "column": 21 },
          "end": { "line": 322, "column": null }
        },
        "line": 295
      },
      "11": {
        "name": "main",
        "decl": {
          "start": { "line": 325, "column": 15 },
          "end": { "line": 325, "column": 37 }
        },
        "loc": {
          "start": { "line": 325, "column": 37 },
          "end": { "line": 345, "column": null }
        },
        "line": 325
      }
    },
    "branchMap": {
      "0": {
        "loc": {
          "start": { "line": 35, "column": 6 },
          "end": { "line": 37, "column": null }
        },
        "type": "if",
        "locations": [
          {
            "start": { "line": 35, "column": 6 },
            "end": { "line": 37, "column": null }
          },
          { "start": {}, "end": {} }
        ],
        "line": 35
      },
      "1": {
        "loc": {
          "start": { "line": 148, "column": 4 },
          "end": { "line": 153, "column": null }
        },
        "type": "if",
        "locations": [
          {
            "start": { "line": 148, "column": 4 },
            "end": { "line": 153, "column": null }
          },
          { "start": {}, "end": {} }
        ],
        "line": 148
      },
      "2": {
        "loc": {
          "start": { "line": 148, "column": 8 },
          "end": { "line": 148, "column": 58 }
        },
        "type": "binary-expr",
        "locations": [
          {
            "start": { "line": 148, "column": 8 },
            "end": { "line": 148, "column": 33 }
          },
          {
            "start": { "line": 148, "column": 33 },
            "end": { "line": 148, "column": 58 }
          }
        ],
        "line": 148
      },
      "3": {
        "loc": {
          "start": { "line": 258, "column": 4 },
          "end": { "line": 260, "column": null }
        },
        "type": "if",
        "locations": [
          {
            "start": { "line": 258, "column": 4 },
            "end": { "line": 260, "column": null }
          },
          { "start": {}, "end": {} }
        ],
        "line": 258
      },
      "4": {
        "loc": {
          "start": { "line": 327, "column": 4 },
          "end": { "line": 327, "column": null }
        },
        "type": "binary-expr",
        "locations": [
          {
            "start": { "line": 327, "column": 4 },
            "end": { "line": 327, "column": 73 }
          },
          {
            "start": { "line": 327, "column": 73 },
            "end": { "line": 327, "column": null }
          }
        ],
        "line": 327
      },
      "5": {
        "loc": {
          "start": { "line": 348, "column": 0 },
          "end": { "line": 350, "column": null }
        },
        "type": "if",
        "locations": [
          {
            "start": { "line": 348, "column": 0 },
            "end": { "line": 350, "column": null }
          },
          { "start": {}, "end": {} }
        ],
        "line": 348
      }
    },
    "s": {
      "0": 3,
      "1": 3,
      "2": 0,
      "3": 0,
      "4": 0,
      "5": 0,
      "6": 0,
      "7": 0,
      "8": 0,
      "9": 0,
      "10": 0,
      "11": 0,
      "12": 0,
      "13": 0,
      "14": 3,
      "15": 3,
      "16": 3,
      "17": 9,
      "18": 3,
      "19": 0,
      "20": 0,
      "21": 0,
      "22": 0,
      "23": 0,
      "24": 0,
      "25": 0,
      "26": 0,
      "27": 0,
      "28": 0,
      "29": 0,
      "30": 0,
      "31": 0,
      "32": 0,
      "33": 0,
      "34": 0,
      "35": 0,
      "36": 0,
      "37": 0,
      "38": 0,
      "39": 0,
      "40": 0,
      "41": 0,
      "42": 0,
      "43": 0,
      "44": 0,
      "45": 0,
      "46": 0,
      "47": 0,
      "48": 0,
      "49": 0,
      "50": 0,
      "51": 0,
      "52": 0,
      "53": 0,
      "54": 0,
      "55": 0,
      "56": 0,
      "57": 0,
      "58": 0,
      "59": 0,
      "60": 0,
      "61": 0,
      "62": 0,
      "63": 0,
      "64": 0,
      "65": 0,
      "66": 0,
      "67": 0,
      "68": 0,
      "69": 0,
      "70": 0,
      "71": 0,
      "72": 0,
      "73": 0,
      "74": 0,
      "75": 0,
      "76": 0,
      "77": 0,
      "78": 1,
      "79": 0
    },
    "f": {
      "0": 3,
      "1": 0,
      "2": 3,
      "3": 0,
      "4": 0,
      "5": 0,
      "6": 0,
      "7": 0,
      "8": 0,
      "9": 0,
      "10": 0,
      "11": 0
    },
    "b": {
      "0": [0, 0],
      "1": [0, 0],
      "2": [0, 0],
      "3": [0, 0],
      "4": [0, 0],
      "5": [0, 1]
    },
    "meta": {
      "lastBranch": 6,
      "lastFunction": 12,
      "lastStatement": 80,
      "seen": {
        "f:19:2:19:14": 0,
        "s:20:4:20:Infinity": 0,
        "s:21:4:21:Infinity": 1,
        "f:24:8:24:30": 1,
        "s:25:4:45:Infinity": 2,
        "s:26:6:28:Infinity": 3,
        "s:30:6:30:Infinity": 4,
        "s:31:6:31:Infinity": 5,
        "s:32:6:32:Infinity": 6,
        "s:33:6:33:Infinity": 7,
        "b:35:6:37:Infinity:undefined:undefined:undefined:undefined": 0,
        "s:35:6:37:Infinity": 8,
        "s:36:8:36:Infinity": 9,
        "s:39:6:39:Infinity": 10,
        "s:41:6:41:Infinity": 11,
        "s:42:6:42:Infinity": 12,
        "s:44:6:44:Infinity": 13,
        "f:48:8:48:45": 2,
        "s:49:4:49:Infinity": 14,
        "s:51:28:55:Infinity": 15,
        "s:57:4:63:Infinity": 16,
        "s:58:6:62:Infinity": 17,
        "s:65:4:65:Infinity": 18,
        "f:68:16:68:46": 3,
        "s:69:4:69:Infinity": 19,
        "s:71:21:75:Infinity": 20,
        "s:77:4:83:Infinity": 21,
        "s:78:6:82:Infinity": 22,
        "s:85:4:85:Infinity": 23,
        "f:88:16:88:48": 4,
        "s:89:4:89:Infinity": 24,
        "s:91:23:96:Infinity": 25,
        "s:98:4:104:Infinity": 26,
        "s:99:6:103:Infinity": 27,
        "s:106:4:106:Infinity": 28,
        "f:109:16:109:46": 5,
        "s:110:4:110:Infinity": 29,
        "s:112:24:112:Infinity": 30,
        "s:113:21:127:Infinity": 31,
        "s:129:4:135:Infinity": 32,
        "s:130:6:134:Infinity": 33,
        "s:137:4:137:Infinity": 34,
        "f:140:16:140:53": 6,
        "s:141:4:141:Infinity": 35,
        "s:144:21:144:Infinity": 36,
        "s:145:23:145:Infinity": 37,
        "s:146:28:146:Infinity": 38,
        "b:148:4:153:Infinity:undefined:undefined:undefined:undefined": 1,
        "s:148:4:153:Infinity": 39,
        "b:148:8:148:33:148:33:148:58": 2,
        "s:149:6:151:Infinity": 40,
        "s:152:6:152:Infinity": 41,
        "s:155:28:155:Infinity": 42,
        "s:156:23:156:Infinity": 43,
        "s:157:4:157:Infinity": 44,
        "s:158:26:158:Infinity": 45,
        "s:160:4:162:Infinity": 46,
        "f:165:16:165:Infinity": 7,
        "s:168:25:197:Infinity": 47,
        "s:199:46:199:Infinity": 48,
        "s:200:4:207:Infinity": 49,
        "s:201:22:205:Infinity": 50,
        "s:206:6:206:Infinity": 51,
        "s:209:4:209:Infinity": 52,
        "f:212:16:212:Infinity": 8,
        "s:216:25:244:Infinity": 53,
        "s:246:4:248:Infinity": 54,
        "s:247:6:247:Infinity": 55,
        "s:250:4:250:Infinity": 56,
        "f:253:16:253:Infinity": 9,
        "b:258:4:260:Infinity:undefined:undefined:undefined:undefined": 3,
        "s:258:4:260:Infinity": 57,
        "s:259:6:259:Infinity": 58,
        "s:262:29:284:Infinity": 59,
        "s:286:4:288:Infinity": 60,
        "s:287:6:287:Infinity": 61,
        "s:290:4:290:Infinity": 62,
        "f:293:16:293:Infinity": 10,
        "s:296:25:311:Infinity": 63,
        "s:313:4:319:Infinity": 64,
        "s:314:6:318:Infinity": 65,
        "s:321:4:321:Infinity": 66,
        "f:325:15:325:37": 11,
        "s:326:29:329:Infinity": 67,
        "b:327:4:327:73:327:73:327:Infinity": 4,
        "s:331:2:331:Infinity": 68,
        "s:332:2:332:Infinity": 69,
        "s:333:2:333:Infinity": 70,
        "s:334:2:334:Infinity": 71,
        "s:336:17:336:Infinity": 72,
        "s:338:2:344:Infinity": 73,
        "s:339:4:339:Infinity": 74,
        "s:340:4:340:Infinity": 75,
        "s:342:4:342:Infinity": 76,
        "s:343:4:343:Infinity": 77,
        "b:348:0:350:Infinity:undefined:undefined:undefined:undefined": 5,
        "s:348:0:350:Infinity": 78,
        "s:349:2:349:Infinity": 79
      },
      "fnNames": {}
    }
  }
}
